#
# A fatal error has been detected by the Java Runtime Environment:
#
#  EXCEPTION_ACCESS_VIOLATION (0xc0000005) at pc=0x0000000000000000, pid=7020, tid=6956
#
# JRE version: 7.0_10-b18
# Java VM: Java HotSpot(TM) 64-Bit Server VM (23.6-b04 mixed mode windows-amd64 compressed oops)
# Problematic frame:
# C  0x0000000000000000
#
# Failed to write core dump. Minidumps are not enabled by default on client versions of Windows
#
# If you would like to submit a bug report, please visit:
#   http://bugreport.sun.com/bugreport/crash.jsp
# The crash happened outside the Java Virtual Machine in native code.
# See problematic frame for where to report the bug.
#

---------------  T H R E A D  ---------------

Current thread (0x000000000d4c8800):  JavaThread "AWT-Windows" daemon [_thread_in_native, id=6956, stack(0x000000000dc70000,0x000000000dd70000)]

siginfo: ExceptionCode=0xc0000005, ExceptionInformation=0x0000000000000008 0x0000000000000000

Registers:
RAX=0x0000000000e8e160, RBX=0x0000000000f20070, RCX=0x0000000000000000, RDX=0x000000000f351bc0
RSP=0x000000000dd6f018, RBP=0x0000000000000000, RSI=0x0000000000000000, RDI=0x0000000000e82370
R8 =0x0000000000f4e8c0, R9 =0x000000000d440000, R10=0x00000000028f0150, R11=0x000007f8597cdb00
R12=0x000007f8597ce980, R13=0x000000077bba7e38, R14=0x0000000000000000, R15=0x0000000000000001
RIP=0x0000000000000000, EFLAGS=0x0000000000010206

Top of Stack: (sp=0x000000000dd6f018)
0x000000000dd6f018:   000007f8597853b8 000000000d83ee60
0x000000000dd6f028:   000000000dd6efd8 000000000dd6f019
0x000000000dd6f038:   0000000800000002 0000000000f4e8c0
0x000000000dd6f048:   000007f85979afd1 0000000000000000
0x000000000dd6f058:   0000000000f4a140 fffffffffffffffe
0x000000000dd6f068:   00000000028f4550 0000000000e82370
0x000000000dd6f078:   0000000000f20070 0000000000f4e8c8
0x000000000dd6f088:   0000000000000000 000000000d4c8800
0x000000000dd6f098:   000000000dd6f448 0000000000f4e8c8
0x000000000dd6f0a8:   000007f859787814 000000000dd6f428
0x000000000dd6f0b8:   0000000000000000 0000000000f2c420
0x000000000dd6f0c8:   0000000000000000 0000000000f28540
0x000000000dd6f0d8:   000007f8597b8646 00000000028f0000
0x000000000dd6f0e8:   000000ffffffffff 000000077bba7e38
0x000000000dd6f0f8:   0000000000000000 0000000000000040
0x000000000dd6f108:   fffffffffffffffe 0000000000000002 

Instructions: (pc=0x0000000000000000)
0xffffffffffffffe0:   


Register to memory mapping:

RAX=0x0000000000e8e160 is an unknown value
RBX=0x0000000000f20070 is an unknown value
RCX=0x0000000000000000 is an unknown value
RDX=0x000000000f351bc0 is an unknown value
RSP=0x000000000dd6f018 is pointing into the stack for thread: 0x000000000d4c8800
RBP=0x0000000000000000 is an unknown value
RSI=0x0000000000000000 is an unknown value
RDI=0x0000000000e82370 is an unknown value
R8 =0x0000000000f4e8c0 is an unknown value
R9 =0x000000000d440000 is an unknown value
R10=0x00000000028f0150 is an unknown value
R11=0x000007f8597cdb00 is an unknown value
R12=0x000007f8597ce980 is an unknown value
R13=0x000000077bba7e38 is an oop
{method} 
 - klass: {other class}
R14=0x0000000000000000 is an unknown value
R15=0x0000000000000001 is an unknown value


Stack: [0x000000000dc70000,0x000000000dd70000],  sp=0x000000000dd6f018,  free space=1020k
Java frames: (J=compiled Java code, j=interpreted, Vv=VM code)
j  sun.awt.windows.WToolkit.eventLoop()V+0
j  sun.awt.windows.WToolkit.run()V+49
j  java.lang.Thread.run()V+11
v  ~StubRoutines::call_stub

---------------  P R O C E S S  ---------------

Java Threads: ( => current thread )
  0x0000000010fdd800 JavaThread "Thread-0" daemon [_thread_in_native, id=4648, stack(0x0000000010520000,0x0000000010620000)]
  0x00000000028fe000 JavaThread "DestroyJavaVM" [_thread_blocked, id=120, stack(0x0000000002770000,0x0000000002870000)]
  0x000000000d675000 JavaThread "Thread-2" [_thread_blocked, id=2300, stack(0x0000000010ce0000,0x0000000010de0000)]
  0x000000000d5c7000 JavaThread "Image Fetcher 0" daemon [_thread_blocked, id=7164, stack(0x0000000010be0000,0x0000000010ce0000)]
  0x000000000d528000 JavaThread "AWT-EventQueue-0" [_thread_blocked, id=1132, stack(0x00000000108e0000,0x00000000109e0000)]
=>0x000000000d4c8800 JavaThread "AWT-Windows" daemon [_thread_in_native, id=6956, stack(0x000000000dc70000,0x000000000dd70000)]
  0x000000000d4c8000 JavaThread "AWT-Shutdown" [_thread_blocked, id=5932, stack(0x000000000db70000,0x000000000dc70000)]
  0x000000000d4c5000 JavaThread "Java2D Disposer" daemon [_thread_blocked, id=6776, stack(0x000000000da70000,0x000000000db70000)]
  0x000000000b9bc000 JavaThread "Service Thread" daemon [_thread_blocked, id=6624, stack(0x000000000d160000,0x000000000d260000)]
  0x000000000b9b4000 JavaThread "C2 CompilerThread1" daemon [_thread_blocked, id=4868, stack(0x000000000d060000,0x000000000d160000)]
  0x000000000b9af800 JavaThread "C2 CompilerThread0" daemon [_thread_blocked, id=5008, stack(0x000000000cf60000,0x000000000d060000)]
  0x000000000b9ae800 JavaThread "Attach Listener" daemon [_thread_blocked, id=6044, stack(0x000000000ce60000,0x000000000cf60000)]
  0x000000000b9ab800 JavaThread "Signal Dispatcher" daemon [_thread_blocked, id=6840, stack(0x000000000cd60000,0x000000000ce60000)]
  0x000000000b946800 JavaThread "Finalizer" daemon [_thread_blocked, id=1968, stack(0x000000000cc60000,0x000000000cd60000)]
  0x000000000b93d800 JavaThread "Reference Handler" daemon [_thread_blocked, id=6948, stack(0x000000000cb60000,0x000000000cc60000)]

Other Threads:
  0x000000000b936800 VMThread [stack: 0x000000000ca60000,0x000000000cb60000] [id=6080]
  0x000000000b9d5000 WatcherThread [stack: 0x000000000d260000,0x000000000d360000] [id=6672]

VM state:not at safepoint (normal execution)

VM Mutex/Monitor currently owned by a thread: None

Heap
 PSYoungGen      total 38080K, used 9414K [0x00000007d58b0000, 0x00000007d8320000, 0x0000000800000000)
  eden space 32704K, 28% used [0x00000007d58b0000,0x00000007d61e1aa8,0x00000007d78a0000)
  from space 5376K, 0% used [0x00000007d7de0000,0x00000007d7de0000,0x00000007d8320000)
  to   space 5376K, 0% used [0x00000007d78a0000,0x00000007d78a0000,0x00000007d7de0000)
 ParOldGen       total 86912K, used 0K [0x0000000780a00000, 0x0000000785ee0000, 0x00000007d58b0000)
  object space 86912K, 0% used [0x0000000780a00000,0x0000000780a00000,0x0000000785ee0000)
 PSPermGen       total 21248K, used 8425K [0x000000077b800000, 0x000000077ccc0000, 0x0000000780a00000)
  object space 21248K, 39% used [0x000000077b800000,0x000000077c03a730,0x000000077ccc0000)

Card table byte_map: [0x0000000005ac0000,0x0000000005ef0000] byte_map_base: 0x0000000001ee4000

Polling page: 0x0000000000e00000

Code Cache  [0x0000000002a00000, 0x0000000002c70000, 0x0000000005a00000)
 total_blobs=476 nmethods=95 adapters=332 free_code_cache=48486Kb largest_free_block=49630784

Compilation events (10 events):
Event: 0.669 Thread 0x000000000b9b4000 nmethod 89 0x0000000002a93150 code [0x0000000002a93280, 0x0000000002a932f8]
Event: 0.669 Thread 0x000000000b9b4000   90             sun.java2d.d3d.D3DTextureToSurfaceBlit::Blit (46 bytes)
Event: 0.670 Thread 0x000000000b9b4000 nmethod 90 0x0000000002a9a910 code [0x0000000002a9aa60, 0x0000000002a9ab68]
Event: 0.670 Thread 0x000000000b9af800 nmethod 88 0x0000000002a98650 code [0x0000000002a987a0, 0x0000000002a989b8]
Event: 1.686 Thread 0x000000000b9b4000   91             sun.java2d.pipe.BufferedContext::validate (524 bytes)
Event: 1.692 Thread 0x000000000b9af800   92             sun.java2d.SurfaceData::getSourceSurfaceData (110 bytes)
Event: 1.696 Thread 0x000000000b9b4000 nmethod 91 0x0000000002aa9250 code [0x0000000002aa9460, 0x0000000002aaa0f0]
Event: 1.696 Thread 0x000000000b9b4000   93             sun.awt.image.SurfaceManager::getCacheData (20 bytes)
Event: 1.696 Thread 0x000000000b9af800 nmethod 92 0x0000000002a9b610 code [0x0000000002a9b7e0, 0x0000000002a9bda0]
Event: 1.698 Thread 0x000000000b9b4000 nmethod 93 0x0000000002a98010 code [0x0000000002a98160, 0x0000000002a983c8]

GC Heap History (0 events):
No events

Deoptimization events (10 events):
Event: 3.038 Thread 0x000000000d675000 Uncommon trap -83 fr.pc 0x0000000002a9bca4
Event: 3.038 Thread 0x000000000d675000 Uncommon trap -34 fr.pc 0x0000000002aa0694
Event: 3.038 Thread 0x000000000d675000 Uncommon trap -83 fr.pc 0x0000000002a8abac
Event: 3.038 Thread 0x000000000d675000 Uncommon trap -83 fr.pc 0x0000000002a8b344
Event: 3.038 Thread 0x000000000d675000 Uncommon trap -83 fr.pc 0x0000000002a8e400
Event: 3.038 Thread 0x000000000d675000 Uncommon trap -34 fr.pc 0x0000000002aa0694
Event: 3.038 Thread 0x000000000d675000 Uncommon trap -34 fr.pc 0x0000000002aa0694
Event: 3.038 Thread 0x000000000d675000 Uncommon trap -34 fr.pc 0x0000000002aa0694
Event: 3.038 Thread 0x000000000d675000 Uncommon trap -34 fr.pc 0x0000000002a9cf00
Event: 3.038 Thread 0x000000000d675000 Uncommon trap -34 fr.pc 0x0000000002a8b5c0

Internal exceptions (10 events):
Event: 0.150 Thread 0x00000000028fe000 Threw 0x00000007d5a38358 at C:\jdk7u2_64p\jdk7u10\hotspot\src\share\vm\prims\jvm.cpp:1166
Event: 0.236 Thread 0x00000000028fe000 Threw 0x00000007d5b4cf98 at C:\jdk7u2_64p\jdk7u10\hotspot\src\share\vm\prims\jvm.cpp:1166
Event: 0.270 Thread 0x00000000028fe000 Threw 0x00000007d5d32630 at C:\jdk7u2_64p\jdk7u10\hotspot\src\share\vm\prims\jvm.cpp:1166
Event: 0.271 Thread 0x00000000028fe000 Threw 0x00000007d5d34020 at C:\jdk7u2_64p\jdk7u10\hotspot\src\share\vm\prims\jvm.cpp:1166
Event: 1.428 Thread 0x000000000d528000 Implicit null exception at 0x0000000002a97208 to 0x0000000002a97601
Event: 1.428 Thread 0x000000000d528000 Implicit null exception at 0x0000000002a88bce to 0x0000000002a88c1d
Event: 1.429 Thread 0x000000000d675000 Implicit null exception at 0x0000000002a93c19 to 0x0000000002a93cd9
Event: 1.429 Thread 0x000000000d675000 Implicit null exception at 0x0000000002a89013 to 0x0000000002a89071
Event: 3.038 Thread 0x000000000d675000 Implicit null exception at 0x0000000002a9b87f to 0x0000000002a9bc8d
Event: 3.038 Thread 0x000000000d675000 Implicit null exception at 0x0000000002a8e3a0 to 0x0000000002a8e3ee

Events (10 events):
Event: 3.038 Thread 0x000000000d675000 DEOPT PACKING pc=0x0000000002aa0694 sp=0x0000000010ddf150
Event: 3.038 Thread 0x000000000d675000 DEOPT UNPACKING pc=0x0000000002a39164 sp=0x0000000010ddf010 mode 2
Event: 3.038 Thread 0x000000000d675000 DEOPT PACKING pc=0x0000000002aa0694 sp=0x0000000010ddf150
Event: 3.038 Thread 0x000000000d675000 DEOPT UNPACKING pc=0x0000000002a39164 sp=0x0000000010ddf010 mode 2
Event: 3.038 Thread 0x000000000d675000 DEOPT PACKING pc=0x0000000002aa0694 sp=0x0000000010ddf150
Event: 3.038 Thread 0x000000000d675000 DEOPT UNPACKING pc=0x0000000002a39164 sp=0x0000000010ddf010 mode 2
Event: 3.038 Thread 0x000000000d675000 DEOPT PACKING pc=0x0000000002a9cf00 sp=0x0000000010ddf020
Event: 3.038 Thread 0x000000000d675000 DEOPT UNPACKING pc=0x0000000002a39164 sp=0x0000000010ddefc0 mode 2
Event: 3.038 Thread 0x000000000d675000 DEOPT PACKING pc=0x0000000002a8b5c0 sp=0x0000000010ddf060
Event: 3.038 Thread 0x000000000d675000 DEOPT UNPACKING pc=0x0000000002a39164 sp=0x0000000010ddeff8 mode 2


Dynamic libraries:
0x000007f7c6910000 - 0x000007f7c6943000 	C:\Program Files\Java\jdk1.7.0_10\bin\javaw.exe
0x000007f86dbc0000 - 0x000007f86dd7e000 	C:\WINDOWS\SYSTEM32\ntdll.dll
0x000007f86c5b0000 - 0x000007f86c6e6000 	C:\WINDOWS\system32\KERNEL32.DLL
0x000007f86abf0000 - 0x000007f86ace3000 	C:\WINDOWS\system32\KERNELBASE.dll
0x000007f86cf60000 - 0x000007f86d03e000 	C:\WINDOWS\system32\ADVAPI32.dll
0x000007f86c810000 - 0x000007f86c95c000 	C:\WINDOWS\system32\USER32.dll
0x000007f867be0000 - 0x000007f867e49000 	C:\WINDOWS\WinSxS\amd64_microsoft.windows.common-controls_6595b64144ccf1df_6.0.9200.16384_none_418c2a697189c07f\COMCTL32.dll
0x000007f86d400000 - 0x000007f86d4a5000 	C:\WINDOWS\system32\msvcrt.dll
0x000007f86c300000 - 0x000007f86c348000 	C:\WINDOWS\SYSTEM32\sechost.dll
0x000007f86d680000 - 0x000007f86d7c0000 	C:\WINDOWS\system32\RPCRT4.dll
0x000007f86c350000 - 0x000007f86c490000 	C:\WINDOWS\system32\GDI32.dll
0x000007f86d4b0000 - 0x000007f86d4e9000 	C:\WINDOWS\system32\IMM32.DLL
0x000007f86c6f0000 - 0x000007f86c805000 	C:\WINDOWS\system32\MSCTF.dll
0x0000000070df0000 - 0x0000000070ec1000 	C:\Program Files\Java\jdk1.7.0_10\jre\bin\msvcr100.dll
0x0000000070fa0000 - 0x00000000716bf000 	C:\Program Files\Java\jdk1.7.0_10\jre\bin\server\jvm.dll
0x000007f861c70000 - 0x000007f861c79000 	C:\WINDOWS\SYSTEM32\WSOCK32.dll
0x000007f868310000 - 0x000007f868330000 	C:\WINDOWS\SYSTEM32\WINMM.dll
0x000007f86dbb0000 - 0x000007f86dbb7000 	C:\WINDOWS\system32\PSAPI.DLL
0x000007f86c4a0000 - 0x000007f86c4f8000 	C:\WINDOWS\system32\WS2_32.dll
0x000007f867970000 - 0x000007f8679a2000 	C:\WINDOWS\SYSTEM32\WINMMBASE.dll
0x000007f86d0b0000 - 0x000007f86d0b9000 	C:\WINDOWS\system32\NSI.dll
0x0000000070f90000 - 0x0000000070f9f000 	C:\Program Files\Java\jdk1.7.0_10\jre\bin\verify.dll
0x0000000070f60000 - 0x0000000070f88000 	C:\Program Files\Java\jdk1.7.0_10\jre\bin\java.dll
0x0000000070f40000 - 0x0000000070f55000 	C:\Program Files\Java\jdk1.7.0_10\jre\bin\zip.dll
0x0000000070c50000 - 0x0000000070de3000 	C:\Program Files\Java\jdk1.7.0_10\jre\bin\awt.dll
0x000007f86d5b0000 - 0x000007f86d673000 	C:\WINDOWS\system32\OLEAUT32.dll
0x000007f86d0d0000 - 0x000007f86d280000 	C:\WINDOWS\system32\combase.dll
0x000007f8637d0000 - 0x000007f86386f000 	C:\WINDOWS\system32\apphelp.dll
0x000007f868730000 - 0x000007f868751000 	C:\WINDOWS\system32\DWMAPI.DLL
0x000007f8698c0000 - 0x000007f8699a3000 	C:\WINDOWS\system32\uxtheme.dll
0x000007f86d280000 - 0x000007f86d3fe000 	C:\WINDOWS\system32\ole32.dll
0x000007f86a9f0000 - 0x000007f86a9fa000 	C:\WINDOWS\SYSTEM32\CRYPTBASE.dll
0x000007f86a990000 - 0x000007f86a9ec000 	C:\WINDOWS\SYSTEM32\bcryptPrimitives.dll
0x000007f859780000 - 0x000007f859980000 	C:\WINDOWS\system32\d3d9.dll
0x000007f868ee0000 - 0x000007f868ee9000 	C:\WINDOWS\SYSTEM32\VERSION.dll
0x000007f84dd30000 - 0x000007f84ee67000 	C:\WINDOWS\SYSTEM32\nvd3dumx.dll
0x000007f86a1b0000 - 0x000007f86a1f3000 	C:\WINDOWS\SYSTEM32\powrprof.dll
0x0000000180000000 - 0x0000000180139000 	C:\Program Files (x86)\NVIDIA Corporation\3D Vision\nvSCPAPI64.dll
0x000007f86cc30000 - 0x000007f86ce00000 	C:\WINDOWS\system32\SETUPAPI.dll
0x000007f86b010000 - 0x000007f86c2f8000 	C:\WINDOWS\system32\SHELL32.dll
0x000007f86aba0000 - 0x000007f86abef000 	C:\WINDOWS\system32\CFGMGR32.dll
0x000007f86aed0000 - 0x000007f86aef2000 	C:\WINDOWS\system32\DEVOBJ.dll
0x000007f86cbe0000 - 0x000007f86cc30000 	C:\WINDOWS\system32\SHLWAPI.dll
0x000007f867520000 - 0x000007f8677f6000 	C:\WINDOWS\SYSTEM32\nvapi64.dll
0x000007f86afb0000 - 0x000007f86b005000 	C:\WINDOWS\system32\WINTRUST.dll
0x000007f86acf0000 - 0x000007f86aec7000 	C:\WINDOWS\system32\CRYPT32.dll
0x000007f86ab80000 - 0x000007f86ab96000 	C:\WINDOWS\system32\MSASN1.dll
0x000007f868050000 - 0x000007f8680c4000 	C:\WINDOWS\SYSTEM32\dxgi.dll
0x000007f869cb0000 - 0x000007f869d46000 	C:\WINDOWS\SYSTEM32\shcore.dll
0x0000000070c10000 - 0x0000000070c44000 	C:\Program Files\Java\jdk1.7.0_10\jre\bin\fontmanager.dll
0x000007f86d510000 - 0x000007f86d5a6000 	C:\WINDOWS\SYSTEM32\clbcatq.dll
0x000007f857c50000 - 0x000007f857db3000 	C:\WINDOWS\SYSTEM32\dbghelp.dll

VM Arguments:
jvm_args: -Dfile.encoding=Cp1252 
java_command: Main.GameStart
Launcher Type: SUN_STANDARD

Environment Variables:
CLASSPATH=.;C:\Program Files (x86)\Java\jre7\lib\ext\QTJava.zip
PATH=C:/Program Files/Java/jdk1.7.0_10/bin/../jre/bin/server;C:/Program Files/Java/jdk1.7.0_10/bin/../jre/bin;C:/Program Files/Java/jdk1.7.0_10/bin/../jre/lib/amd64;C:\Program Files (x86)\NVIDIA Corporation\PhysX\Common;C:\Program Files\Java\jdk1.7.0_10\bin;C:\Program Files\Java\jre7\bin;C:\Program Files (x86)\Intel\iCLS Client\;C:\Program Files\Intel\iCLS Client\;C:\WINDOWS\system32;C:\WINDOWS;C:\WINDOWS\System32\Wbem;C:\WINDOWS\System32\WindowsPowerShell\v1.0\;C:\Program Files\Intel\Intel(R) Management Engine Components\DAL;C:\Program Files\Intel\Intel(R) Management Engine Components\IPT;C:\Program Files (x86)\Intel\Intel(R) Management Engine Components\DAL;C:\Program Files (x86)\Intel\Intel(R) Management Engine Components\IPT;C:\Program Files (x86)\QuickTime\QTSystem\;C:\Program Files\TortoiseSVN\bin;C:\Program Files (x86)\ftldat;D:\Program Files\eclipse;
USERNAME=Charlie
OS=Windows_NT
PROCESSOR_IDENTIFIER=Intel64 Family 6 Model 58 Stepping 9, GenuineIntel



---------------  S Y S T E M  ---------------

OS: Windows 8 , 64 bit Build 9200 

CPU:total 4 (4 cores per cpu, 1 threads per core) family 6 model 58 stepping 9, cmov, cx8, fxsr, mmx, sse, sse2, sse3, ssse3, sse4.1, sse4.2, popcnt, avx, tsc, tscinvbit, tscinv

Memory: 4k page, physical 8339980k(3998496k free), swap 16728588k(11253988k free)

vm_info: Java HotSpot(TM) 64-Bit Server VM (23.6-b04) for windows-amd64 JRE (1.7.0_10-b18), built on Nov 28 2012 05:00:40 by "java_re" with unknown MS VC++:1600

time: Mon Feb 18 15:51:40 2013
elapsed time: 3 seconds

